[debug] [2019-03-31T04:33:23.578Z] ----------------------------------------------------------------------
[debug] [2019-03-31T04:33:23.578Z] Command:       C:\Program Files\nodejs\node.exe C:\Users\nbalg\AppData\Roaming\npm\node_modules\firebase-tools\lib\bin\firebase.js serve --only functions,hosting
[debug] [2019-03-31T04:33:23.593Z] CLI Version:   6.5.0
[debug] [2019-03-31T04:33:23.593Z] Platform:      win32
[debug] [2019-03-31T04:33:23.593Z] Node Version:  v10.15.3
[debug] [2019-03-31T04:33:23.593Z] Time:          Sun Mar 31 2019 10:03:23 GMT+0530 (India Standard Time)
[debug] [2019-03-31T04:33:23.593Z] ----------------------------------------------------------------------
[debug] 
[debug] [2019-03-31T04:33:23.609Z] > command requires scopes: ["email","openid","https://www.googleapis.com/auth/cloudplatformprojects.readonly","https://www.googleapis.com/auth/firebase","https://www.googleapis.com/auth/cloud-platform"]
[debug] [2019-03-31T04:33:23.609Z] > authorizing via signed-in user
[debug] [2019-03-31T04:33:23.609Z] [iam] checking project incomesource-6b8ec for permissions ["firebase.projects.get"]
[debug] [2019-03-31T04:33:23.625Z] >>> HTTP REQUEST POST https://cloudresourcemanager.googleapis.com/v1/projects/incomesource-6b8ec:testIamPermissions  

[debug] [2019-03-31T04:33:25.866Z] <<< HTTP RESPONSE 200
[debug] [2019-03-31T04:33:25.870Z] >>> HTTP REQUEST GET https://cloudresourcemanager.googleapis.com/v1/projects/incomesource-6b8ec  
 
[debug] [2019-03-31T04:33:27.942Z] <<< HTTP RESPONSE 200
[info] 
[info] === Serving from 'D:\index'...
[info] 
[debug] [2019-03-31T04:33:27.954Z] >>> HTTP REQUEST GET https://mobilesdk-pa.googleapis.com/v1/projects/757640779520/clients/_:getWebAppConfig  
 
[debug] [2019-03-31T04:33:28.870Z] <<< HTTP RESPONSE 200
[info] i  hosting: Serving hosting files from: public
[info] +  hosting: Local server: http://localhost:5000
